0 info it worked if it ends with ok
1 verbose cli [ 'node', '/usr/local/bin/npm', 'view', 'jmdecombe-test' ]
2 info using npm@2.9.0
3 info using node@v0.12.2
4 silly mapToRegistry name jmdecombe-test
5 silly mapToRegistry using default registry
6 silly mapToRegistry registry https://registry.npmjs.org/
7 silly mapToRegistry uri https://registry.npmjs.org/jmdecombe-test
8 verbose request uri https://registry.npmjs.org/jmdecombe-test
9 verbose request no auth needed
10 info attempt registry request try #1 at 10:04:25 AM
11 verbose request id c5b919e3b1014795
12 http request GET https://registry.npmjs.org/jmdecombe-test
13 http 404 https://registry.npmjs.org/jmdecombe-test
14 verbose headers { server: 'CouchDB/1.5.0 (Erlang OTP/R16B03)',
14 verbose headers   'content-type': 'application/json',
14 verbose headers   'cache-control': 'max-age=0',
14 verbose headers   'content-length': '51',
14 verbose headers   'accept-ranges': 'bytes',
14 verbose headers   date: 'Sat, 02 May 2015 17:04:27 GMT',
14 verbose headers   via: '1.1 varnish',
14 verbose headers   age: '0',
14 verbose headers   connection: 'keep-alive',
14 verbose headers   'x-served-by': 'cache-lax1426-LAX',
14 verbose headers   'x-cache': 'MISS',
14 verbose headers   'x-cache-hits': '0',
14 verbose headers   'x-timer': 'S1430586267.191872,VS0,VE312' }
15 silly get cb [ 404,
15 silly get   { server: 'CouchDB/1.5.0 (Erlang OTP/R16B03)',
15 silly get     'content-type': 'application/json',
15 silly get     'cache-control': 'max-age=0',
15 silly get     'content-length': '51',
15 silly get     'accept-ranges': 'bytes',
15 silly get     date: 'Sat, 02 May 2015 17:04:27 GMT',
15 silly get     via: '1.1 varnish',
15 silly get     age: '0',
15 silly get     connection: 'keep-alive',
15 silly get     'x-served-by': 'cache-lax1426-LAX',
15 silly get     'x-cache': 'MISS',
15 silly get     'x-cache-hits': '0',
15 silly get     'x-timer': 'S1430586267.191872,VS0,VE312' } ]
16 verbose stack Error: 404 Not Found: jmdecombe-test
16 verbose stack     at CachingRegistryClient.<anonymous> (/usr/local/lib/node_modules/npm/node_modules/npm-registry-client/lib/request.js:245:14)
16 verbose stack     at Request._callback (/usr/local/lib/node_modules/npm/node_modules/npm-registry-client/lib/request.js:170:14)
16 verbose stack     at Request.self.callback (/usr/local/lib/node_modules/npm/node_modules/request/request.js:368:22)
16 verbose stack     at Request.emit (events.js:110:17)
16 verbose stack     at Request.<anonymous> (/usr/local/lib/node_modules/npm/node_modules/request/request.js:1219:14)
16 verbose stack     at Request.emit (events.js:129:20)
16 verbose stack     at IncomingMessage.<anonymous> (/usr/local/lib/node_modules/npm/node_modules/request/request.js:1167:12)
16 verbose stack     at IncomingMessage.emit (events.js:129:20)
16 verbose stack     at _stream_readable.js:908:16
16 verbose stack     at process._tickCallback (node.js:355:11)
17 verbose statusCode 404
18 verbose pkgid jmdecombe-test
19 verbose cwd /Users/jmdecombe/Projects/Node
20 error Darwin 14.3.0
21 error argv "node" "/usr/local/bin/npm" "view" "jmdecombe-test"
22 error node v0.12.2
23 error npm  v2.9.0
24 error code E404
25 error 404 Not Found: jmdecombe-test
25 error 404
25 error 404 'jmdecombe-test' is not in the npm registry.
25 error 404 You should bug the author to publish it (or use the name yourself!)
25 error 404
25 error 404 Note that you can also install from a
25 error 404 tarball, folder, http url, or git url.
26 verbose exit [ 1, true ]
